600           2335.42      5.39930      3.75278       2      44.9625
      7.87561      14.4312      53.4985      9.22575   -0.0109037
600           2498.92      5.33082      3.95306       2      44.6705
      8.42180      8.30986      53.4985      9.23935  -0.00990288
600           2653.96      4.86836      4.15139       1      44.6822
      7.90130      9.82099      53.4985      9.25303  -0.00822726
900           28624.6      2.22551      4.63694       3      44.7189
      7.38384      8.67401      64.2757    -0.771975   -0.0143187
1200          28485.9      2.14436      4.92083       3      44.6487
      7.47442      1.81027      64.2757    -0.743251   -0.0140963
1200          28101.1      2.02575      5.38722       3      44.4021
      6.92643      1.03447      64.7031     -6.70438   -0.0116667
1200          25241.2      2.06270      5.92139       3      44.7948
      6.28446      5.76037      64.7031     -6.64825   -0.0119001
1200          23203.2      2.08880      6.28639       3      44.9254
      6.54137      3.32563      64.7031     -6.60881  -0.00955697
1200          21005.8      2.17487      6.67139       3      44.6857
      6.74199      1.93174      64.7031     -6.56662   -0.0111727
1200          18201.6      2.44630      7.15722       3      45.1125
      7.53597      4.63966      64.7031     -6.51306  -0.00636691
300           836.644      9.02926      1.93639       3      44.7656
      9.07841      3.52070      53.4985      9.11683  -0.00488963
1200          16021.7      2.66465      7.53611       3      44.8426
      6.57058      6.51531      64.7031     -6.47145  -0.00561876
1200          14035.2      2.90627      7.88667       3      44.8157
      7.16161      3.59583      64.7031     -6.43340   -0.0117550
900           8362.31      3.46782      8.42028       3      44.7845
      6.92445      7.64334      66.2285     -9.24214  -0.00529989
900           7124.84      3.81923      8.73639       3      44.6919
      7.42741      1.42477      66.2285     -9.20918  -0.00635376
900           6074.45      4.26181      9.01889       4      44.6228
      7.09982      3.45519      66.2285     -9.18050  -0.00757653
600           3412.70      5.56168      9.32000       3      44.7581
      6.91087      7.96322      67.8185     -14.7451  -0.00197140
600           2842.46      6.33081      9.58639       4      44.6684
      8.33308      5.23530      67.8185     -14.7185  -0.00382499
600           1358.12      8.48291      10.0042       3      44.8990
      7.57823      7.90567      64.4541     -25.0046  -0.00420380
600           1154.44      9.25717      10.2042       3      44.9246
      8.11003      5.30501      64.4541     -24.9845 -0.000293287
300           971.366      10.1527      10.4011       3      44.9065
      8.35627      8.11672      64.4541     -24.9651 -0.000121406
300           933.152      9.29796      2.07222       3      44.9143
      9.38858      8.14730      53.4985      9.12385  -0.00543961
300           591.823      9.81258      10.5256       1      44.8171
      8.11280      7.16818      56.3572     -21.1025  0.000318898
300           538.935      10.2023      10.6381       1      44.5202
      9.10289      1.07218      56.3572     -21.0951  -0.00576205
300           488.519      10.2846      10.7508       1      44.9315
      7.83281      7.26723      56.3572     -21.0878  -0.00490291
300           437.324      10.6105      10.8722       1      44.6932
      8.59983    -0.227708      56.3572     -21.0799  -0.00486584
300           400.220      11.0206      10.9656       1      44.4812
      8.57234      1.58090      56.3572     -21.0739  -0.00211369
300           363.732      11.2235      11.0628       1      44.4873
      8.36787      4.94661      56.3572     -21.0677  -0.00379720
300           330.646      11.6029      11.1567       1      44.3916
      8.98462     -3.62215      56.3572     -21.0617  -0.00420986
300           296.823      11.6064      11.2597       2      44.3722
      8.23916    0.0784996      56.3572     -21.0552  -0.00227812
600           1030.48      8.35810      2.20306       3      44.9371
      8.42580      8.49745      53.4985      9.13081   -0.0166710
600           1363.69      6.82627      2.61972       2      45.0849
      8.51234      5.55176      53.4985      9.15420   -0.0151517
600           1522.82      6.82321      2.80806       2      44.8395
      8.30751      7.63738      53.4985      9.16535   -0.0116593
600           1720.21      6.67287      3.03694       2      44.9504
      8.10817      9.78024      53.4985      9.17933  -0.00932984
600           2024.33      5.66287      3.38694       2      45.0684
      8.33447      8.20273      53.4985      9.20156  -0.00904341
600           2180.12      5.44185      3.56833       2      44.8159
      7.67761      9.47302      53.4985      9.21344  -0.00714519
