600           590.344      9.84560      1.58944       2      44.0736
      8.55269      1.22915      17.2181      35.3527   -0.0377165
600           2856.82      5.15437      3.93889       1      44.0356
      7.71403      10.1007      46.7231      16.5047   -0.0131529
600           3055.49      4.92218      4.14056       1      43.9155
      7.98187      6.86519      46.7231      16.5217   -0.0127701
600           3264.39      4.75251      4.36083       1      44.0311
      7.84933      11.0413      46.7231      16.5404   -0.0159678
600           3681.18      4.19457      4.84278       1      44.0016
      8.39068     -1.50203      46.7231      16.5815   -0.0145915
600           3859.87      4.09223      5.07861       1      43.9515
      7.46133      3.89291      46.7231      16.6016   -0.0139533
600           4014.00      3.95310      5.30667       1      43.7681
      8.10604     -1.79003      46.7231      16.6209   -0.0146544
600           4141.15      4.05479      5.52222       1      44.0555
      7.50689      6.76357      46.7231      16.6390   -0.0130705
600           4250.17      3.90248      5.74056       1      43.6086
      7.55145      3.32516      46.7231      16.6571   -0.0148834
600           4336.71      3.89982      5.95500       1      43.6831
      7.80740      3.78376      46.7231      16.6747   -0.0139042
600           4780.74      3.90262      6.37083       1      44.3221
      7.25768      15.2870      58.1150      8.27980  -0.00754343
600           714.192      9.19702      1.80639       2      44.0474
      8.59450     0.911226      17.2181      35.3732   -0.0374258
600           4765.56      3.97395      6.59000       1      44.1258
      7.89736      8.58518      58.1150      8.29840  -0.00848803
600           4723.49      3.83679      6.80667       1      43.8909
      7.15598      8.49544      58.1150      8.31657  -0.00822321
600           3477.06      4.70867      7.06083       2      44.1152
      8.82726   -0.0738714      74.8497     -17.3724  -0.00338835
600           3333.78      4.75126      7.29028       2      44.0873
      8.27430      1.56647      74.8497     -17.3544  -0.00588731
600           3185.56      4.95391      7.50667       1      43.8070
      8.71617   -0.0336373      74.8497     -17.3372  -0.00750435
600           2896.17      5.16270      7.89028       1      44.3282
      8.11726      2.96616      74.8497     -17.3061  -0.00564999
600           2720.24      5.41228      8.10722       1      44.3059
      8.20929      8.30138      74.8497     -17.2883  -0.00568550
600           2524.08      5.77136      8.34000       1      44.2822
      7.58550      5.03950      74.8497     -17.2691  -0.00550094
600           1891.38      7.00242      9.06222       1      43.9540
      8.71290      2.70588      74.8497     -17.2091  -0.00403174
600           1703.02      7.34355      9.27778       1      43.9347
      7.98196      4.48640      74.8497     -17.1913  -0.00586950
600           851.006      8.85189      2.02361       2      44.0893
      8.25176      4.86958      17.2181      35.3940   -0.0362562
600           1368.83      8.49992      9.67278       1      43.9916
      8.47513      2.25698      74.8497     -17.1590  -0.00398672
600           1082.79      8.02502      2.30667       2      43.9107
      8.64933      1.11001      35.2642      23.7683   -0.0222239
600           1290.38      7.52928      2.57389       1      43.9028
      8.33477      4.20199      35.2642      23.7896   -0.0235921
600           1453.12      7.20620      2.77306       1      43.8640
      8.32464      7.16437      35.2642      23.8057   -0.0203955
600           2192.33      6.05797      3.29000       2      44.2486
      8.00054      11.0469      46.7231      16.4510   -0.0125620
600           2415.82      5.73222      3.50639       1      44.0211
      7.94266      6.44213      46.7231      16.4687   -0.0122106
600           2638.80      5.51595      3.72333       1      44.1424
      8.22479      10.2223      46.7231      16.4866   -0.0122849
