300           724.894      9.44553      1.85139       2      45.1247
      8.47100      11.3629      35.2642      24.4363   -0.0126023
600           1232.82      8.29982      2.41917       3      45.0866
      8.49945      8.86160      53.4985      8.77611  -0.00861487
600           1399.55      7.74831      2.61806       2      45.1031
      8.26247      7.50103      53.4985      8.78739  -0.00830985
600           1573.25      7.52262      2.81889       2      44.9550
      8.33067      9.57655      53.4985      8.79919  -0.00830184
600           1750.33      6.89096      3.01972       2      44.8759
      8.39972      7.98553      53.4985      8.81137  -0.00761652
600           2089.07      6.11011      3.40139       2      44.6480
      9.04875      4.35422      53.4985      8.83547  -0.00945962
600           2253.95      5.97671      3.58972       2      44.5490
      8.31491      6.48107      53.4985      8.84778   -0.0103249
600           2421.34      5.71732      3.78528       2      44.4980
      7.87670      10.9247      53.4985      8.86081  -0.00737942
600           2679.35      5.50420      4.10111       2      44.9583
      7.64454      14.4439      53.4985      8.88235  -0.00642823
600           2833.40      5.01224      4.30250       1      44.5888
      7.64652      9.93860      53.4985      8.89636  -0.00941117
600           2808.94      5.10101      4.66806       2      44.3181
      8.11004      5.87199      53.4891      4.38160  -0.00680287
600           2910.55      5.27417      4.86861       2      44.4591
      8.14421      11.1642      53.4891      4.39341  -0.00919148
900           2999.36      5.07666      5.06889       2      44.2047
      7.92714      10.7224      53.4891      4.40535   -0.0106142
900           12552.2      2.54857      5.65222       3      44.5348
      7.55732     -1.32406      72.9635     -6.59176  -0.00668033
900           12081.0      2.59672      5.95306       3      44.6230
      7.04316      6.64637      72.9635     -6.56082  -0.00176934
900           11570.3      2.59450      6.23500       2      44.3610
      6.40212      6.02626      72.9635     -6.53131  -0.00432809
900           10949.5      2.76255      6.54028       2      44.5099
      7.45545      4.63550      72.9635     -6.49893  -0.00560789
900           10056.1      2.86946      6.93528       2      44.5774
      6.78566      8.75780      72.9635     -6.45668  -0.00202050
900           9364.31      3.04229      7.21833       2      44.2354
      7.19826      7.72280      72.9635     -6.42632  -0.00140209
900           8634.68      3.29440      7.50306       2      44.3643
      7.74420      6.38506      72.9635     -6.39588  -0.00194958
300           268.928      10.9737     0.886667       3      44.7896
      9.05808     -3.05298      17.2181      35.9192   -0.0192298
900           7886.40      3.23995      7.78556       2      44.2414
      7.03615      4.55951      72.9635     -6.36591  -0.00419686
900           6760.27      3.78025      8.20167       3      44.5361
      7.40711      7.58936      72.9635     -6.32245  -0.00302327
900           5990.89      4.14285      8.48528       3      44.4350
      7.89350      6.09722      72.9635     -6.29349  -0.00124970
900           5092.41      4.66316      8.82194       3      44.3939
      7.78257      5.27301      72.9635     -6.26001  -0.00526044
600           4271.88      5.15075      9.14083       3      44.3113
      8.38427      3.20156      72.9635     -6.22936  -0.00998752
600           1648.44      7.66304      9.50083       2      44.5511
      8.44280      5.62445      69.9674     -26.5603  -0.00188265
600           1453.09      8.09017      9.70083       2      44.5846
      7.90098      7.60928      69.9674     -26.5401  -0.00190912
600           1267.13      8.88041      9.90194       3      44.6323
      8.78881      7.77016      69.9674     -26.5199 -0.000833465
600           1094.03      9.45912      10.1017       3      44.4616
      8.46160      4.30005      69.9674     -26.5001  -0.00286127
600           933.305      10.2087      10.3017       3      44.5584
      8.33868      6.67441      69.9674     -26.4804 -0.000584654
300           306.104      11.1323      1.00111       3      44.8330
      8.55764     -1.15662      17.2181      35.9294   -0.0142003
300           740.909      10.7729      10.5672       3      44.6195
      8.30611      4.57448      69.9674     -26.4549  -0.00635990
300           665.049      11.0219      10.6828       3      44.6440
      8.36868     0.723097      69.9674     -26.4439  -0.00102911
300           602.365      11.6327      10.7844       3      44.6040
      8.48461      3.47262      69.9674     -26.4344  -0.00189577
300           543.532      12.7159      10.8861       3      44.6859
      8.80646      7.48420      69.9674     -26.4250  -0.00147684
300           465.081      13.0694      11.0336       3      44.6949
      8.78987      4.35551      69.9674     -26.4115 -0.000473139
300           358.030      10.2522      1.18472       2      44.7798
      8.15328      6.74727      24.0337      30.0997   -0.0142912
300           409.838      9.91309      1.31833       1      44.8804
      8.67970      3.55117      24.0337      30.1098   -0.0133629
300           521.100      10.1118      1.48500       2      44.8851
      9.08193    0.0416492      35.2642      24.4089   -0.0119911
300           601.455      9.71998      1.63778       2      44.9922
      9.03710      5.82012      35.2642      24.4202   -0.0126065
300           656.396      9.51700      1.73556       2      44.9260
      8.77584      6.81761      35.2642      24.4275  -0.00662174
