600           2261.84      6.79867      2.63833       3      43.9154
      8.54888      7.24167      43.5904      18.2279   -0.0239680
900           7510.89      3.15991      5.58806       2      44.0202
      6.98937      12.0356      43.5904      18.5244   -0.0265242
900           7932.02      3.07315      5.87083       2      44.0414
      6.40084      9.72255      43.5904      18.5530   -0.0303083
900           8335.24      3.17203      6.17083       2      43.8513
      7.41274      13.4168      43.5904      18.5829   -0.0325757
900           8687.66      2.99121      6.47056       3      43.7754
      7.04837      5.27106      43.5904      18.6120   -0.0319901
900           6664.44      3.43439      6.95000       2      44.1967
      7.40895      4.61232      81.3458     -13.3409  -0.00849264
900           6210.96      3.53885      7.23861       2      43.9819
      7.86068      3.36044      81.3458     -13.3114  -0.00554078
900           5714.67      3.82393      7.53972       2      44.0176
      7.91289      3.83979      81.3458     -13.2805  -0.00603027
600           5206.29      4.17033      7.83806       2      43.7596
      8.41757      1.19134      81.3458     -13.2496  -0.00363097
600           4830.68      4.40966      8.05472       2      43.9354
      8.68283      4.41474      81.3458     -13.2272  -0.00207290
600           4424.71      4.65220      8.28750       2      43.7958
      8.44266     -1.60317      81.3458     -13.2033  -0.00654045
600           2607.18      6.41658      2.85361       3      43.8655
      8.32398      10.8670      43.5904      18.2477   -0.0210362
600           3874.71      5.17195      8.60417       2      43.8504
      8.66010     0.836536      81.3458     -13.1709  -0.00343752
600           3531.94      5.53526      8.80444       2      44.2892
      7.52822      12.4538      81.3458     -13.1507  -0.00231278
600           3169.21      5.83589      9.02083       2      44.1266
      8.42878      2.80546      81.3458     -13.1291  -0.00207682
600           2843.48      6.24974      9.22083       2      44.0045
      8.47916      2.26410      81.3458     -13.1095  -0.00298434
600           2503.64      6.91362      9.43750       3      44.0026
      8.76927      5.24066      81.3458     -13.0885  -0.00415256
600           2107.99      7.65219      9.70417       3      43.7070
      8.74299      1.70022      81.3458     -13.0634  -0.00116761
600           1805.80      8.57539      9.92250       3      43.8872
      8.65685      5.58198      81.3458     -13.0433  -0.00414349
600           1529.51      9.50926      10.1378       3      44.0247
      8.99711      4.05505      81.3458     -13.0241  -0.00307783
300           820.917      11.2797      10.4044       2      43.9679
      8.53764      9.17238      66.3649     -30.8740  0.000496094
300           737.545      11.4844      10.5375       2      43.6755
      8.94769      2.69803      66.3649     -30.8613 -0.000309449
600           3002.54      5.91380      3.08722       3      43.9666
      7.54935      14.4911      43.5904      18.2698   -0.0222085
300           658.560      11.8543      10.6711       2      43.7550
      8.63138      2.09204      66.3649     -30.8486  -0.00302746
300           593.634      12.3396      10.7878       2      43.7753
      8.63062     0.524853      66.3649     -30.8376  -0.00115848
300           524.206      12.8281      10.9211       2      43.8408
      8.54367      3.27630      66.3649     -30.8251  -0.00434005
300           467.873      13.4252      11.0375       2      43.7104
      8.66178      3.44491      66.3649     -30.8144  -0.00218272
300           400.805      14.4330      11.1886       2      43.8293
      8.27285      7.26959      66.3649     -30.8005  0.000797815
300           347.723      14.9535      11.3211       3      43.6997
      9.01050      4.37897      66.3649     -30.7885  -0.00179406
600           3355.18      5.24454      3.28722       2      43.7133
      8.05291      5.84508      43.5904      18.2891   -0.0202519
600           3719.71      5.09782      3.48806       2      43.7609
      7.52597      11.9343      43.5904      18.3088   -0.0223719
600           4188.25      4.82483      3.74028       2      43.6896
      7.53291      12.2704      43.5904      18.3340   -0.0210747
600           4561.36      4.47326      3.93833       2      43.5429
      8.11889      9.94728      43.5904      18.3541   -0.0224902
600           5039.31      3.82987      4.19083       2      43.5362
      6.89038      9.97594      43.5904      18.3799   -0.0188978
600           7163.67      3.16894      5.37083       2      44.2302
      6.55104      13.1958      43.5904      18.5021   -0.0217946
