600           4717.15      4.21281      4.13861       2      43.9422
      7.35393      10.4258      43.5904      18.8572   -0.0209047
600           5107.89      3.99892      4.35528       2      43.8474
      7.32398      12.6761      43.5904      18.8795   -0.0218494
600           5464.62      3.78327      4.55500       2      43.7805
      6.95112      9.55899      43.5904      18.9002   -0.0211762
600           5816.58      3.56168      4.75528       2      43.7050
      7.79328      8.26116      43.5904      18.9209   -0.0240951
900           6162.35      3.40092      4.95667       2      43.5667
      7.22370      6.40940      43.5904      18.9418   -0.0333599
900           6943.92      3.25129      5.43889       2      43.8134
      6.95732      7.89620      43.5904      18.9915   -0.0307446
900           7388.11      3.18625      5.73944       2      43.6305
      7.15983      6.54910      43.5904      19.0220   -0.0297046
900           7770.08      3.14488      6.02306       2      43.6802
      7.05591      8.20578      43.5904      19.0504   -0.0327417
900           8110.34      2.97550      6.30611       3      43.7254
      6.33595      12.0380      43.5904      19.0781   -0.0336151
900           8526.94      2.94817      6.72194       3      43.6517
      6.32745      3.11052      43.5904      19.1174   -0.0321503
300           954.079      8.52866      2.13861       2      43.6051
      8.70501     -1.90302      17.2181      35.0780   -0.0192548
900           8759.98      3.19428      7.02194       3      43.8315
      6.46443      9.20880      43.5904      19.1446   -0.0331627
900           8932.38      3.27824      7.32250       3      43.5462
      6.74083      5.41064      43.5904      19.1708   -0.0326061
900           5479.27      3.83432      7.67500       2      43.8004
      7.50748      3.76455      81.3458     -12.7926  -0.00555992
900           4967.16      4.19003      7.97222       2      43.7553
      7.28911      5.17027      81.3458     -12.7618  -0.00461370
900           4232.60      4.65906      8.39278       2      43.7643
      8.22324     -1.24518      81.3458     -12.7186  -0.00467834
900           3689.20      5.18770      8.70611       2      43.8636
      7.88818      6.68542      81.3458     -12.6868  -0.00310271
600           3182.38      5.81900      9.00556       2      44.0580
      8.06598      10.4621      81.3458     -12.6569  -0.00374187
600           2827.45      5.98962      9.22250       2      43.6859
      8.30466      2.73185      81.3458     -12.6356  -0.00291546
600           2487.03      6.83057      9.43889       3      43.7535
      8.40440      5.50043      81.3458     -12.6148  -0.00129877
600           2018.88      7.73197      9.75583       3      43.8434
      8.57629      2.22843      81.3458     -12.5852  -0.00556283
600           1039.06      8.49043      2.25694       2      43.8576
      8.53829      1.75741      17.2181      35.0895   -0.0384986
600           1702.32      8.45835      9.98861       3      43.7451
      8.19748      3.23636      81.3458     -12.5642  -0.00170613
600           963.474      10.3811      10.2222       2      43.9633
      8.79263      3.54249      74.8497     -17.4730  -0.00461504
300           803.099      11.3257      10.4558       2      43.7272
      8.47576      5.03845      74.8497     -17.4550  -0.00145656
300           728.648      11.3139      10.5722       2      43.7160
      8.46733    -0.791500      74.8497     -17.4462  -0.00186591
300           667.929      12.0056      10.6719       2      43.7031
      8.28960      5.99049      74.8497     -17.4387  -0.00183591
300           609.677      12.9593      10.7725       2      43.7151
      8.52872      5.60127      74.8497     -17.4313  8.21151e-05
300           546.098      13.1520      10.8889       2      43.7340
      9.02663     0.452899      74.8497     -17.4228  -0.00214402
300           486.614      13.5640      11.0056       2      43.7444
      8.75470      1.31450      74.8497     -17.4145  -0.00444729
300           437.806      14.4087      11.1083       2      43.8811
      8.99417      4.33664      74.8497     -17.4072  -0.00508552
300           394.539      15.0017      11.2061       2      43.7022
      9.00759   -0.0511448      74.8497     -17.4004  -0.00378246
600           1201.55      7.70107      2.47194       2      43.6479
      8.51566     0.357326      17.2181      35.1104   -0.0400626
300           353.726      15.1606      11.3056       2      43.7780
      8.43395      5.97719      74.8497     -17.3936  -0.00540124
300           316.344      15.5729      11.4044       3      43.6030
      8.86897     0.663284      74.8497     -17.3870  -0.00536913
600           2441.91      6.34099      2.82389       3      43.8047
      8.37043      6.38322      43.5904      18.7271   -0.0231744
600           2868.00      5.84293      3.08833       3      43.8209
      7.73453      9.39635      43.5904      18.7522   -0.0242678
600           3465.16      5.07678      3.43889       2      43.9153
      7.19160      10.2527      43.5904      18.7864   -0.0236009
600           3818.23      4.83208      3.63917       2      43.6711
      7.43667      10.7659      43.5904      18.8064   -0.0196312
600           4357.60      4.36960      3.93972       2      43.8730
      7.63915      9.07036      43.5904      18.8368   -0.0228284
